  宫俊小分队.cpp
f:\4. 华为比赛\复赛代码\宫俊小分队\宫俊小分队\宫俊小分队.cpp(58): warning C4018: “<”: 有符号/无符号不匹配
f:\4. 华为比赛\复赛代码\宫俊小分队\宫俊小分队\宫俊小分队.cpp(67): warning C4018: “<”: 有符号/无符号不匹配
f:\4. 华为比赛\复赛代码\宫俊小分队\宫俊小分队\宫俊小分队.cpp(104): warning C4018: “<”: 有符号/无符号不匹配
f:\4. 华为比赛\复赛代码\宫俊小分队\宫俊小分队\宫俊小分队.cpp(147): warning C4018: “<”: 有符号/无符号不匹配
f:\4. 华为比赛\复赛代码\宫俊小分队\宫俊小分队\宫俊小分队.cpp(160): warning C4018: “<”: 有符号/无符号不匹配
f:\4. 华为比赛\复赛代码\宫俊小分队\宫俊小分队\宫俊小分队.cpp(169): warning C4018: “<”: 有符号/无符号不匹配
f:\4. 华为比赛\复赛代码\宫俊小分队\宫俊小分队\宫俊小分队.cpp(193): warning C4018: “<”: 有符号/无符号不匹配
f:\4. 华为比赛\复赛代码\宫俊小分队\宫俊小分队\宫俊小分队.cpp(200): warning C4018: “<”: 有符号/无符号不匹配
f:\4. 华为比赛\复赛代码\宫俊小分队\宫俊小分队\宫俊小分队.cpp(209): warning C4018: “<”: 有符号/无符号不匹配
  road.cpp
f:\4. 华为比赛\复赛代码\宫俊小分队\宫俊小分队\road.cpp(37): warning C4244: “+=”: 从“double”转换到“int”，可能丢失数据
f:\4. 华为比赛\复赛代码\宫俊小分队\宫俊小分队\road.cpp(94): warning C4244: “+=”: 从“double”转换到“int”，可能丢失数据
  cross.cpp
f:\4. 华为比赛\复赛代码\宫俊小分队\宫俊小分队\cross.cpp(374): warning C4018: “<”: 有符号/无符号不匹配
f:\4. 华为比赛\复赛代码\宫俊小分队\宫俊小分队\cross.cpp(389): warning C4018: “<”: 有符号/无符号不匹配
f:\4. 华为比赛\复赛代码\宫俊小分队\宫俊小分队\cross.cpp(480): warning C4018: “<”: 有符号/无符号不匹配
f:\4. 华为比赛\复赛代码\宫俊小分队\宫俊小分队\cross.cpp(538): warning C4018: “<”: 有符号/无符号不匹配
f:\4. 华为比赛\复赛代码\宫俊小分队\宫俊小分队\cross.cpp(540): warning C4018: “<”: 有符号/无符号不匹配
  cargostraight.cpp
f:\4. 华为比赛\复赛代码\宫俊小分队\宫俊小分队\cargostraight.cpp(28): warning C4018: “<”: 有符号/无符号不匹配
  正在生成代码...
f:\4. 华为比赛\复赛代码\宫俊小分队\宫俊小分队\cross.cpp(147): warning C4715: “car_turn_around”: 不是所有的控件路径都返回值
  正在编译...
  graph.cpp
f:\4. 华为比赛\复赛代码\宫俊小分队\宫俊小分队\graph.cpp(123): warning C4018: “<”: 有符号/无符号不匹配
f:\4. 华为比赛\复赛代码\宫俊小分队\宫俊小分队\graph.cpp(133): warning C4244: “初始化”: 从“double”转换到“int”，可能丢失数据
  fileoperate.cpp
f:\4. 华为比赛\复赛代码\宫俊小分队\宫俊小分队\fileoperate.cpp(13): warning C4018: “<”: 有符号/无符号不匹配
f:\4. 华为比赛\复赛代码\宫俊小分队\宫俊小分队\fileoperate.cpp(58): warning C4018: “<”: 有符号/无符号不匹配
f:\4. 华为比赛\复赛代码\宫俊小分队\宫俊小分队\fileoperate.cpp(68): warning C4018: “<”: 有符号/无符号不匹配
f:\4. 华为比赛\复赛代码\宫俊小分队\宫俊小分队\fileoperate.cpp(78): warning C4018: “<”: 有符号/无符号不匹配
  正在生成代码...
  宫俊小分队.vcxproj -> F:\4. 华为比赛\复赛代码\宫俊小分队\Debug\宫俊小分队.exe
  宫俊小分队.vcxproj -> F:\4. 华为比赛\复赛代码\宫俊小分队\Debug\宫俊小分队.pdb (Full PDB)
