f:\剑指offer练习\c++练习\宫俊小分队\宫俊小分队\debug\宫俊小分队.pch
f:\剑指offer练习\c++练习\宫俊小分队\宫俊小分队\debug\vc140.pdb
f:\剑指offer练习\c++练习\宫俊小分队\宫俊小分队\debug\vc140.idb
f:\剑指offer练习\c++练习\宫俊小分队\宫俊小分队\debug\stdafx.obj
f:\剑指offer练习\c++练习\宫俊小分队\宫俊小分队\debug\宫俊小分队.obj
f:\剑指offer练习\c++练习\宫俊小分队\宫俊小分队\debug\cross.obj
f:\剑指offer练习\c++练习\宫俊小分队\debug\宫俊小分队.pdb
f:\剑指offer练习\c++练习\宫俊小分队\宫俊小分队\debug\宫俊小分队.tlog\cl.command.1.tlog
f:\剑指offer练习\c++练习\宫俊小分队\宫俊小分队\debug\宫俊小分队.tlog\cl.read.1.tlog
f:\剑指offer练习\c++练习\宫俊小分队\宫俊小分队\debug\宫俊小分队.tlog\cl.write.1.tlog
f:\剑指offer练习\c++练习\宫俊小分队\宫俊小分队\debug\宫俊小分队.tlog\link-cvtres.read.1.tlog
f:\剑指offer练习\c++练习\宫俊小分队\宫俊小分队\debug\宫俊小分队.tlog\link-cvtres.write.1.tlog
f:\剑指offer练习\c++练习\宫俊小分队\宫俊小分队\debug\宫俊小分队.tlog\link-rc.read.1.tlog
f:\剑指offer练习\c++练习\宫俊小分队\宫俊小分队\debug\宫俊小分队.tlog\link-rc.write.1.tlog
f:\剑指offer练习\c++练习\宫俊小分队\宫俊小分队\debug\宫俊小分队.tlog\link.32568-cvtres.read.1.tlog
f:\剑指offer练习\c++练习\宫俊小分队\宫俊小分队\debug\宫俊小分队.tlog\link.32568-cvtres.write.1.tlog
f:\剑指offer练习\c++练习\宫俊小分队\宫俊小分队\debug\宫俊小分队.tlog\link.32568-rc.read.1.tlog
f:\剑指offer练习\c++练习\宫俊小分队\宫俊小分队\debug\宫俊小分队.tlog\link.32568-rc.write.1.tlog
f:\剑指offer练习\c++练习\宫俊小分队\宫俊小分队\debug\宫俊小分队.tlog\link.32568.read.1.tlog
f:\剑指offer练习\c++练习\宫俊小分队\宫俊小分队\debug\宫俊小分队.tlog\link.32568.write.1.tlog
f:\剑指offer练习\c++练习\宫俊小分队\宫俊小分队\debug\宫俊小分队.tlog\link.command.1.tlog
f:\剑指offer练习\c++练习\宫俊小分队\宫俊小分队\debug\宫俊小分队.tlog\link.read.1.tlog
f:\剑指offer练习\c++练习\宫俊小分队\宫俊小分队\debug\宫俊小分队.tlog\link.write.1.tlog
